<?xml version="1.0" encoding="UTF-8"?>
<testng-results ignored="0" total="0" passed="0" failed="0" skipped="0">
  <reporter-output>
  </reporter-output>
  <suite started-at="2024-08-29T16:38:03 EEST" name="Surefire suite" finished-at="2024-08-29T16:38:05 EEST" duration-ms="2115">
    <groups>
    </groups>
    <test started-at="2024-08-29T16:38:03 EEST" name="Surefire test" finished-at="2024-08-29T16:38:05 EEST" duration-ms="2115">
      <class name="BaseTest">
        <test-method is-config="true" signature="setupTestSuite()[pri:0, instance:BaseTest@2473d930]" started-at="2024-08-29T16:38:02 EEST" name="setupTestSuite" finished-at="2024-08-29T16:38:03 EEST" duration-ms="1005" status="PASS">
          <reporter-output>
          </reporter-output>
        </test-method> <!-- setupTestSuite -->
        <test-method is-config="true" signature="openBrowser()[pri:0, instance:BaseTest@2473d930]" started-at="2024-08-29T16:38:03 EEST" name="openBrowser" finished-at="2024-08-29T16:38:05 EEST" duration-ms="1982" status="PASS">
          <reporter-output>
          </reporter-output>
        </test-method> <!-- openBrowser -->
        <test-method is-config="true" signature="quitDriver()[pri:0, instance:BaseTest@2473d930]" started-at="2024-08-29T16:38:05 EEST" name="quitDriver" finished-at="2024-08-29T16:38:05 EEST" duration-ms="125" status="PASS">
          <reporter-output>
          </reporter-output>
        </test-method> <!-- quitDriver -->
      </class> <!-- BaseTest -->
    </test> <!-- Surefire test -->
  </suite> <!-- Surefire suite -->
</testng-results>
